[INFO ] 2023-09-22 10:22:53.288 [main] StepDef - Setup Method
[INFO ] 2023-09-22 10:22:55.077 [main] StepDef - Url Passed
[INFO ] 2023-09-22 10:22:55.650 [main] StepDef - Login Data enterd
[INFO ] 2023-09-22 10:22:56.174 [main] StepDef - Login Button Clicked
[INFO ] 2023-09-22 10:22:56.176 [main] StepDef - login done
[INFO ] 2023-09-22 10:22:56.191 [main] StepDef - Succesffull login Action complete
[INFO ] 2023-09-22 10:22:56.285 [main] StepDef - Title matched
[INFO ] 2023-09-22 10:22:56.405 [main] StepDef - clicked on Add to cart Button
[INFO ] 2023-09-22 10:22:56.770 [main] StepDef - Click on cart button
[INFO ] 2023-09-22 10:22:57.064 [main] StepDef - selected Product verified
[INFO ] 2023-09-22 10:22:57.401 [main] StepDef - clickeed on checkout
[INFO ] 2023-09-22 10:22:57.411 [main] StepDef - successfull completion of add to cart process
[INFO ] 2023-09-22 10:22:57.443 [main] StepDef - after Completing Add to cart process
[DEBUG] 2023-09-22 10:22:57.885 [main] PackageRelationshipCollection - Parsing relationship: /xl/_rels/workbook.xml.rels
[DEBUG] 2023-09-22 10:22:57.890 [main] PackageRelationshipCollection - Parsing relationship: /_rels/.rels
[INFO ] 2023-09-22 10:22:59.212 [main] StepDef - First Name Entered
[DEBUG] 2023-09-22 10:22:59.242 [main] PackageRelationshipCollection - Parsing relationship: /xl/_rels/workbook.xml.rels
[DEBUG] 2023-09-22 10:22:59.246 [main] PackageRelationshipCollection - Parsing relationship: /_rels/.rels
[INFO ] 2023-09-22 10:22:59.540 [main] StepDef - Last name entered
[DEBUG] 2023-09-22 10:22:59.559 [main] PackageRelationshipCollection - Parsing relationship: /xl/_rels/workbook.xml.rels
[DEBUG] 2023-09-22 10:22:59.562 [main] PackageRelationshipCollection - Parsing relationship: /_rels/.rels
[INFO ] 2023-09-22 10:22:59.784 [main] StepDef - zip code entered
[INFO ] 2023-09-22 10:23:00.025 [main] StepDef - clicked on continue
[INFO ] 2023-09-22 10:23:00.205 [main] StepDef - payment info Verified
[INFO ] 2023-09-22 10:23:00.310 [main] StepDef - payement total verified
[INFO ] 2023-09-22 10:23:00.435 [main] StepDef - user clicked on finish
[INFO ] 2023-09-22 10:26:16.438 [main] StepDef - Setup Method
[INFO ] 2023-09-22 10:26:19.248 [main] StepDef - Url Passed
[INFO ] 2023-09-22 10:26:19.762 [main] StepDef - Login Data enterd
[INFO ] 2023-09-22 10:26:20.026 [main] StepDef - Login Button Clicked
[INFO ] 2023-09-22 10:26:20.028 [main] StepDef - login done
[INFO ] 2023-09-22 10:26:21.800 [main] StepDef - Succesffull login Action complete
[INFO ] 2023-09-22 10:26:21.855 [main] StepDef - after Completing Add to cart process
[DEBUG] 2023-09-22 10:26:22.166 [main] PackageRelationshipCollection - Parsing relationship: /xl/_rels/workbook.xml.rels
[DEBUG] 2023-09-22 10:26:22.171 [main] PackageRelationshipCollection - Parsing relationship: /_rels/.rels
[INFO ] 2023-09-22 10:26:52.222 [main] StepDef - Setup Method
[INFO ] 2023-09-22 10:26:54.252 [main] StepDef - Url Passed
[INFO ] 2023-09-22 10:26:54.923 [main] StepDef - Login Data enterd
[INFO ] 2023-09-22 10:26:55.432 [main] StepDef - Login Button Clicked
[INFO ] 2023-09-22 10:26:55.434 [main] StepDef - login done
[INFO ] 2023-09-22 10:26:57.188 [main] StepDef - Succesffull login Action complete
[INFO ] 2023-09-22 10:26:57.245 [main] StepDef - after Completing Add to cart process
[DEBUG] 2023-09-22 10:26:57.493 [main] PackageRelationshipCollection - Parsing relationship: /xl/_rels/workbook.xml.rels
[DEBUG] 2023-09-22 10:26:57.496 [main] PackageRelationshipCollection - Parsing relationship: /_rels/.rels
[INFO ] 2023-09-22 10:31:15.852 [main] StepDef - Setup Method
[INFO ] 2023-09-22 10:31:18.082 [main] StepDef - Url Passed
[INFO ] 2023-09-22 10:31:18.551 [main] StepDef - Login Data enterd
[INFO ] 2023-09-22 10:31:19.057 [main] StepDef - Login Button Clicked
[INFO ] 2023-09-22 10:31:19.060 [main] StepDef - login done
[INFO ] 2023-09-22 10:31:19.086 [main] StepDef - Succesffull login Action complete
[INFO ] 2023-09-22 10:31:19.174 [main] StepDef - Title matched
[INFO ] 2023-09-22 10:31:19.295 [main] StepDef - clicked on Add to cart Button
[INFO ] 2023-09-22 10:31:19.420 [main] StepDef - Click on cart button
[INFO ] 2023-09-22 10:31:19.689 [main] StepDef - selected Product verified
[INFO ] 2023-09-22 10:31:19.984 [main] StepDef - clickeed on checkout
[INFO ] 2023-09-22 10:31:19.990 [main] StepDef - successfull completion of add to cart process
[INFO ] 2023-09-22 10:31:20.000 [main] StepDef - after Completing Add to cart process
[DEBUG] 2023-09-22 10:31:20.347 [main] PackageRelationshipCollection - Parsing relationship: /xl/_rels/workbook.xml.rels
[DEBUG] 2023-09-22 10:31:20.352 [main] PackageRelationshipCollection - Parsing relationship: /_rels/.rels
[INFO ] 2023-09-22 10:31:21.697 [main] StepDef - First Name Entered
[DEBUG] 2023-09-22 10:31:21.730 [main] PackageRelationshipCollection - Parsing relationship: /xl/_rels/workbook.xml.rels
[DEBUG] 2023-09-22 10:31:21.736 [main] PackageRelationshipCollection - Parsing relationship: /_rels/.rels
[INFO ] 2023-09-22 10:31:22.080 [main] StepDef - Last name entered
[DEBUG] 2023-09-22 10:31:22.096 [main] PackageRelationshipCollection - Parsing relationship: /xl/_rels/workbook.xml.rels
[DEBUG] 2023-09-22 10:31:22.099 [main] PackageRelationshipCollection - Parsing relationship: /_rels/.rels
[INFO ] 2023-09-22 10:31:22.298 [main] StepDef - zip code entered
[INFO ] 2023-09-22 10:31:22.506 [main] StepDef - clicked on continue
[INFO ] 2023-09-22 10:31:22.657 [main] StepDef - payment info Verified
[INFO ] 2023-09-22 10:31:22.752 [main] StepDef - payement total verified
[INFO ] 2023-09-22 10:31:22.888 [main] StepDef - user clicked on finish
[INFO ] 2023-09-22 10:33:35.024 [main] StepDef - Setup Method
[INFO ] 2023-09-22 10:33:37.900 [main] StepDef - Url Passed
[INFO ] 2023-09-22 10:33:38.561 [main] StepDef - Login Data enterd
[INFO ] 2023-09-22 10:33:38.915 [main] StepDef - Login Button Clicked
[INFO ] 2023-09-22 10:33:38.918 [main] StepDef - login done
[INFO ] 2023-09-22 10:33:40.680 [main] StepDef - Succesffull login Action complete
[INFO ] 2023-09-22 10:33:40.731 [main] StepDef - after Completing Add to cart process
[DEBUG] 2023-09-22 10:33:41.001 [main] PackageRelationshipCollection - Parsing relationship: /xl/_rels/workbook.xml.rels
[DEBUG] 2023-09-22 10:33:41.005 [main] PackageRelationshipCollection - Parsing relationship: /_rels/.rels
[INFO ] 2023-09-22 10:34:39.330 [main] StepDef - Setup Method
[INFO ] 2023-09-22 10:34:40.662 [main] StepDef - Url Passed
[INFO ] 2023-09-22 10:34:41.309 [main] StepDef - Login Data enterd
[INFO ] 2023-09-22 10:34:41.853 [main] StepDef - Login Button Clicked
[INFO ] 2023-09-22 10:34:41.857 [main] StepDef - login done
[INFO ] 2023-09-22 10:34:46.293 [main] StepDef - Succesffull login Action complete
[INFO ] 2023-09-22 10:34:50.062 [main] StepDef - after Completing Add to cart process
[DEBUG] 2023-09-22 10:34:50.378 [main] PackageRelationshipCollection - Parsing relationship: /xl/_rels/workbook.xml.rels
[DEBUG] 2023-09-22 10:34:50.384 [main] PackageRelationshipCollection - Parsing relationship: /_rels/.rels
[INFO ] 2023-09-22 10:37:08.192 [main] StepDef - Setup Method
[INFO ] 2023-09-22 10:37:12.100 [main] StepDef - Url Passed
[INFO ] 2023-09-22 10:37:12.767 [main] StepDef - Login Data enterd
[INFO ] 2023-09-22 10:37:13.159 [main] StepDef - Login Button Clicked
[INFO ] 2023-09-22 10:37:13.161 [main] StepDef - login done
[INFO ] 2023-09-22 10:37:13.169 [main] StepDef - Succesffull login Action complete
[INFO ] 2023-09-22 10:37:13.260 [main] StepDef - Title matched
[INFO ] 2023-09-22 10:37:13.382 [main] StepDef - clicked on Add to cart Button
[INFO ] 2023-09-22 10:37:13.532 [main] StepDef - Click on cart button
[INFO ] 2023-09-22 10:37:13.793 [main] StepDef - selected Product verified
[INFO ] 2023-09-22 10:37:14.079 [main] StepDef - clickeed on checkout
[INFO ] 2023-09-22 10:37:14.084 [main] StepDef - successfull completion of add to cart process
[INFO ] 2023-09-22 10:37:18.723 [main] StepDef - Setup Method
[INFO ] 2023-09-22 10:37:21.431 [main] StepDef - Url Passed
[INFO ] 2023-09-22 10:37:21.885 [main] StepDef - Login Data enterd
[INFO ] 2023-09-22 10:37:22.364 [main] StepDef - Login Button Clicked
[INFO ] 2023-09-22 10:37:22.365 [main] StepDef - login done
[INFO ] 2023-09-22 10:37:22.372 [main] StepDef - after Completing Add to cart process
[DEBUG] 2023-09-22 10:37:22.759 [main] PackageRelationshipCollection - Parsing relationship: /xl/_rels/workbook.xml.rels
[DEBUG] 2023-09-22 10:37:22.765 [main] PackageRelationshipCollection - Parsing relationship: /_rels/.rels
[INFO ] 2023-09-22 10:39:29.284 [main] StepDef - Setup Method
[INFO ] 2023-09-22 10:39:31.731 [main] StepDef - Url Passed
[INFO ] 2023-09-22 10:39:32.334 [main] StepDef - Login Data enterd
[INFO ] 2023-09-22 10:39:32.661 [main] StepDef - Login Button Clicked
[INFO ] 2023-09-22 10:39:32.665 [main] StepDef - login done
[INFO ] 2023-09-22 10:39:36.476 [main] StepDef - Succesffull login Action complete
[INFO ] 2023-09-22 10:39:36.541 [main] StepDef - Title matched
[INFO ] 2023-09-22 10:39:36.658 [main] StepDef - clicked on Add to cart Button
[INFO ] 2023-09-22 10:39:36.820 [main] StepDef - Click on cart button
[INFO ] 2023-09-22 10:39:36.993 [main] StepDef - selected Product verified
[INFO ] 2023-09-22 10:39:37.142 [main] StepDef - clickeed on checkout
[INFO ] 2023-09-22 10:39:37.148 [main] StepDef - successfull completion of add to cart process
[INFO ] 2023-09-22 10:39:40.249 [main] StepDef - after Completing Add to cart process
[DEBUG] 2023-09-22 10:39:40.607 [main] PackageRelationshipCollection - Parsing relationship: /xl/_rels/workbook.xml.rels
[DEBUG] 2023-09-22 10:39:40.613 [main] PackageRelationshipCollection - Parsing relationship: /_rels/.rels
[INFO ] 2023-09-22 10:39:42.817 [main] StepDef - First Name Entered
[DEBUG] 2023-09-22 10:39:42.847 [main] PackageRelationshipCollection - Parsing relationship: /xl/_rels/workbook.xml.rels
[DEBUG] 2023-09-22 10:39:42.850 [main] PackageRelationshipCollection - Parsing relationship: /_rels/.rels
[INFO ] 2023-09-22 10:41:07.372 [main] StepDef - Setup Method
[INFO ] 2023-09-22 10:41:09.246 [main] StepDef - Url Passed
[INFO ] 2023-09-22 10:41:09.657 [main] StepDef - Login Data enterd
[INFO ] 2023-09-22 10:41:10.245 [main] StepDef - Login Button Clicked
[INFO ] 2023-09-22 10:41:10.248 [main] StepDef - login done
[INFO ] 2023-09-22 10:41:10.250 [main] StepDef - Succesffull login Action complete
[INFO ] 2023-09-22 10:41:10.348 [main] StepDef - Title matched
[INFO ] 2023-09-22 10:41:10.484 [main] StepDef - clicked on Add to cart Button
[INFO ] 2023-09-22 10:41:10.745 [main] StepDef - Click on cart button
[INFO ] 2023-09-22 10:41:10.925 [main] StepDef - selected Product verified
[INFO ] 2023-09-22 10:41:11.162 [main] StepDef - clickeed on checkout
[INFO ] 2023-09-22 10:41:11.174 [main] StepDef - successfull completion of add to cart process
[INFO ] 2023-09-22 10:41:11.195 [main] StepDef - after Completing Add to cart process
[DEBUG] 2023-09-22 10:41:11.553 [main] PackageRelationshipCollection - Parsing relationship: /xl/_rels/workbook.xml.rels
[DEBUG] 2023-09-22 10:41:11.558 [main] PackageRelationshipCollection - Parsing relationship: /_rels/.rels
[INFO ] 2023-09-22 10:41:12.787 [main] StepDef - First Name Entered
[DEBUG] 2023-09-22 10:41:12.806 [main] PackageRelationshipCollection - Parsing relationship: /xl/_rels/workbook.xml.rels
[DEBUG] 2023-09-22 10:41:12.809 [main] PackageRelationshipCollection - Parsing relationship: /_rels/.rels
[INFO ] 2023-09-22 10:41:13.026 [main] StepDef - Last name entered
[DEBUG] 2023-09-22 10:41:13.041 [main] PackageRelationshipCollection - Parsing relationship: /xl/_rels/workbook.xml.rels
[DEBUG] 2023-09-22 10:41:13.043 [main] PackageRelationshipCollection - Parsing relationship: /_rels/.rels
[INFO ] 2023-09-22 10:41:13.240 [main] StepDef - zip code entered
[INFO ] 2023-09-22 10:41:13.368 [main] StepDef - clicked on continue
[INFO ] 2023-09-22 10:41:13.521 [main] StepDef - payment info Verified
[INFO ] 2023-09-22 10:41:13.674 [main] StepDef - payement total verified
[INFO ] 2023-09-22 10:41:13.801 [main] StepDef - user clicked on finish
[INFO ] 2023-09-22 10:51:02.107 [main] StepDef - Setup Method
[INFO ] 2023-09-22 10:51:05.080 [main] StepDef - Url Passed
[INFO ] 2023-09-22 10:51:08.804 [main] StepDef - Setup Method
[INFO ] 2023-09-22 10:51:12.003 [main] StepDef - Url Passed
[INFO ] 2023-09-22 10:55:59.097 [main] StepDef - Setup Method
[INFO ] 2023-09-22 10:56:01.359 [main] StepDef - Url Passed
[INFO ] 2023-09-22 10:56:04.737 [main] StepDef - Setup Method
[INFO ] 2023-09-22 10:56:07.118 [main] StepDef - Url Passed
[INFO ] 2023-09-22 10:56:58.203 [main] StepDef - Setup Method
[INFO ] 2023-09-22 10:57:00.213 [main] StepDef - Url Passed
[INFO ] 2023-09-22 10:57:01.051 [main] StepDef - Login Button Clicked
[INFO ] 2023-09-22 10:57:05.075 [main] StepDef - Setup Method
[INFO ] 2023-09-22 10:57:08.171 [main] StepDef - Url Passed
[INFO ] 2023-09-22 10:57:08.993 [main] StepDef - Login Button Clicked
[INFO ] 2023-09-22 10:59:38.050 [main] StepDef - Setup Method
[INFO ] 2023-09-22 10:59:56.827 [main] StepDef - Url Passed
[INFO ] 2023-09-22 10:59:57.480 [main] StepDef - Login Button Clicked
[INFO ] 2023-09-22 11:00:01.647 [main] StepDef - Setup Method
[INFO ] 2023-09-22 11:01:29.583 [main] StepDef - Setup Method
[INFO ] 2023-09-22 11:01:31.547 [main] StepDef - Url Passed
[INFO ] 2023-09-22 11:01:32.102 [main] StepDef - Login Button Clicked
[INFO ] 2023-09-22 11:01:36.417 [main] StepDef - Setup Method
[INFO ] 2023-09-22 11:02:03.670 [main] StepDef - Setup Method
[INFO ] 2023-09-22 11:02:05.787 [main] StepDef - Url Passed
[INFO ] 2023-09-22 11:02:06.335 [main] StepDef - Login Button Clicked
[INFO ] 2023-09-22 11:02:10.189 [main] StepDef - Setup Method
[INFO ] 2023-09-22 11:02:12.116 [main] StepDef - Url Passed
[INFO ] 2023-09-22 11:02:12.865 [main] StepDef - Login Button Clicked
[INFO ] 2023-09-22 11:02:43.348 [main] StepDef - Setup Method
[INFO ] 2023-09-22 11:02:45.489 [main] StepDef - Url Passed
[INFO ] 2023-09-22 11:02:46.246 [main] StepDef - Login Button Clicked
[INFO ] 2023-09-22 11:02:50.427 [main] StepDef - Setup Method
[INFO ] 2023-09-22 11:04:22.882 [main] StepDef - Setup Method
[INFO ] 2023-09-22 11:04:25.076 [main] StepDef - Url Passed
[INFO ] 2023-09-22 11:04:26.126 [main] StepDef - Login Button Clicked
[INFO ] 2023-09-22 11:04:29.985 [main] StepDef - Setup Method
[INFO ] 2023-09-22 11:04:32.040 [main] StepDef - Url Passed
[INFO ] 2023-09-22 11:04:32.668 [main] StepDef - Login Button Clicked
[INFO ] 2023-09-22 11:07:40.057 [main] StepDef - Setup Method
[INFO ] 2023-09-22 11:07:41.940 [main] StepDef - Url Passed
[INFO ] 2023-09-22 11:07:42.795 [main] StepDef - Login Button Clicked
[INFO ] 2023-09-22 11:07:46.660 [main] StepDef - Setup Method
[INFO ] 2023-09-22 11:07:48.570 [main] StepDef - Url Passed
[INFO ] 2023-09-22 11:07:49.152 [main] StepDef - Login Button Clicked
[INFO ] 2023-09-22 11:09:09.643 [main] StepDef - Setup Method
[INFO ] 2023-09-22 11:09:11.388 [main] StepDef - Url Passed
[INFO ] 2023-09-22 11:09:12.194 [main] StepDef - Login Button Clicked
[INFO ] 2023-09-22 11:09:17.014 [main] StepDef - Setup Method
[INFO ] 2023-09-22 11:13:01.679 [main] StepDef - Setup Method
[INFO ] 2023-09-22 11:13:03.236 [main] StepDef - Url Passed
[INFO ] 2023-09-22 11:13:04.176 [main] StepDef - Login Button Clicked
[INFO ] 2023-09-22 11:16:59.359 [main] StepDef - Setup Method
[INFO ] 2023-09-22 11:17:01.732 [main] StepDef - Url Passed
[INFO ] 2023-09-22 11:17:02.512 [main] StepDef - Login Button Clicked
[INFO ] 2023-09-22 11:18:47.700 [main] StepDef - Setup Method
[INFO ] 2023-09-22 11:18:49.265 [main] StepDef - Url Passed
[INFO ] 2023-09-22 11:18:50.130 [main] StepDef - Login Button Clicked
[INFO ] 2023-09-22 11:18:53.888 [main] StepDef - Setup Method
[INFO ] 2023-09-22 11:18:55.606 [main] StepDef - Url Passed
[INFO ] 2023-09-22 11:18:56.167 [main] StepDef - Login Button Clicked
[INFO ] 2023-09-22 11:18:59.238 [main] StepDef - Setup Method
[INFO ] 2023-09-22 11:19:00.883 [main] StepDef - Url Passed
[INFO ] 2023-09-22 11:19:01.845 [main] StepDef - Login Button Clicked
[INFO ] 2023-09-22 11:19:36.531 [main] StepDef - Setup Method
[INFO ] 2023-09-22 11:19:38.370 [main] StepDef - Url Passed
[INFO ] 2023-09-22 11:19:38.943 [main] StepDef - Login Button Clicked
[INFO ] 2023-09-22 11:19:43.029 [main] StepDef - Setup Method
[INFO ] 2023-09-22 11:19:44.738 [main] StepDef - Url Passed
[INFO ] 2023-09-22 11:19:45.644 [main] StepDef - Login Button Clicked
[INFO ] 2023-09-22 11:19:48.744 [main] StepDef - Setup Method
[INFO ] 2023-09-22 11:19:50.811 [main] StepDef - Url Passed
[INFO ] 2023-09-22 11:19:51.811 [main] StepDef - Login Button Clicked
[INFO ] 2023-09-22 11:20:56.717 [main] StepDef - Setup Method
[INFO ] 2023-09-22 11:20:58.420 [main] StepDef - Url Passed
[INFO ] 2023-09-22 11:21:02.421 [main] StepDef - Setup Method
[INFO ] 2023-09-22 11:21:04.250 [main] StepDef - Url Passed
[INFO ] 2023-09-22 11:21:07.302 [main] StepDef - Setup Method
[INFO ] 2023-09-22 11:21:09.027 [main] StepDef - Url Passed
[INFO ] 2023-09-22 11:22:50.196 [main] StepDef - Setup Method
[INFO ] 2023-09-22 11:22:52.214 [main] StepDef - Url Passed
[INFO ] 2023-09-22 11:22:52.638 [main] StepDef - Data Driven data Entred
[INFO ] 2023-09-22 11:22:52.909 [main] StepDef - Login Button Clicked
[INFO ] 2023-09-22 11:22:57.742 [main] StepDef - Setup Method
[INFO ] 2023-09-22 11:23:00.495 [main] StepDef - Url Passed
[INFO ] 2023-09-22 11:23:00.948 [main] StepDef - Data Driven data Entred
[INFO ] 2023-09-22 11:23:01.115 [main] StepDef - Login Button Clicked
[INFO ] 2023-09-22 11:23:04.243 [main] StepDef - Setup Method
[INFO ] 2023-09-22 11:23:58.401 [main] StepDef - Url Passed
[INFO ] 2023-09-22 11:23:58.830 [main] StepDef - Data Driven data Entred
[INFO ] 2023-09-22 11:23:58.996 [main] StepDef - Login Button Clicked
[INFO ] 2023-09-22 11:25:21.549 [main] StepDef - Setup Method
[INFO ] 2023-09-22 11:25:24.164 [main] StepDef - Url Passed
[INFO ] 2023-09-22 11:25:24.580 [main] StepDef - Data Driven data Entred
[INFO ] 2023-09-22 11:25:24.833 [main] StepDef - Login Button Clicked
[INFO ] 2023-09-22 11:25:28.956 [main] StepDef - Setup Method
[INFO ] 2023-09-22 11:25:35.807 [main] StepDef - Url Passed
[INFO ] 2023-09-22 11:25:36.199 [main] StepDef - Data Driven data Entred
[INFO ] 2023-09-22 11:25:36.780 [main] StepDef - Login Button Clicked
[INFO ] 2023-09-22 11:25:39.964 [main] StepDef - Setup Method
[INFO ] 2023-09-22 11:25:48.237 [main] StepDef - Url Passed
[INFO ] 2023-09-22 11:25:49.110 [main] StepDef - Data Driven data Entred
[INFO ] 2023-09-22 11:25:54.483 [main] StepDef - Login Button Clicked
[INFO ] 2023-09-22 11:27:19.766 [main] StepDef - Setup Method
[INFO ] 2023-09-22 11:27:22.395 [main] StepDef - Url Passed
[INFO ] 2023-09-22 11:27:23.022 [main] StepDef - Login Data enterd
[INFO ] 2023-09-22 11:27:23.488 [main] StepDef - Login Button Clicked
[INFO ] 2023-09-22 11:27:23.489 [main] StepDef - login done
[INFO ] 2023-09-22 11:27:23.491 [main] StepDef - Succesffull login Action complete
[INFO ] 2023-09-22 11:27:23.585 [main] StepDef - Title matched
[INFO ] 2023-09-22 11:27:23.700 [main] StepDef - clicked on Add to cart Button
[INFO ] 2023-09-22 11:27:23.881 [main] StepDef - Click on cart button
[INFO ] 2023-09-22 11:27:24.118 [main] StepDef - selected Product verified
[INFO ] 2023-09-22 11:27:24.345 [main] StepDef - clickeed on checkout
[INFO ] 2023-09-22 11:27:24.349 [main] StepDef - successfull completion of add to cart process
[INFO ] 2023-09-22 11:27:24.373 [main] StepDef - after Completing Add to cart process
[DEBUG] 2023-09-22 11:27:24.803 [main] PackageRelationshipCollection - Parsing relationship: /xl/_rels/workbook.xml.rels
[DEBUG] 2023-09-22 11:27:24.812 [main] PackageRelationshipCollection - Parsing relationship: /_rels/.rels
[INFO ] 2023-09-22 11:27:26.211 [main] StepDef - First Name Entered
[DEBUG] 2023-09-22 11:27:26.228 [main] PackageRelationshipCollection - Parsing relationship: /xl/_rels/workbook.xml.rels
[DEBUG] 2023-09-22 11:27:26.230 [main] PackageRelationshipCollection - Parsing relationship: /_rels/.rels
[INFO ] 2023-09-22 11:27:26.477 [main] StepDef - Last name entered
[DEBUG] 2023-09-22 11:27:26.495 [main] PackageRelationshipCollection - Parsing relationship: /xl/_rels/workbook.xml.rels
[DEBUG] 2023-09-22 11:27:26.498 [main] PackageRelationshipCollection - Parsing relationship: /_rels/.rels
[INFO ] 2023-09-22 11:27:26.696 [main] StepDef - zip code entered
[INFO ] 2023-09-22 11:27:26.863 [main] StepDef - clicked on continue
[INFO ] 2023-09-22 11:27:26.996 [main] StepDef - payment info Verified
[INFO ] 2023-09-22 11:27:27.187 [main] StepDef - payement total verified
[INFO ] 2023-09-22 11:27:27.367 [main] StepDef - user clicked on finish
[INFO ] 2023-09-22 11:28:28.274 [main] StepDef - Setup Method
[INFO ] 2023-09-22 11:28:31.772 [main] StepDef - Url Passed
[INFO ] 2023-09-22 11:28:32.342 [main] StepDef - Login Data enterd
[INFO ] 2023-09-22 11:28:32.566 [main] StepDef - Login Button Clicked
[INFO ] 2023-09-22 11:28:32.568 [main] StepDef - login done
[INFO ] 2023-09-22 11:28:32.571 [main] StepDef - Succesffull login Action complete
[INFO ] 2023-09-22 11:28:32.684 [main] StepDef - Title matched
[INFO ] 2023-09-22 11:28:32.838 [main] StepDef - clicked on Add to cart Button
[INFO ] 2023-09-22 11:28:33.032 [main] StepDef - Click on cart button
[INFO ] 2023-09-22 11:28:33.198 [main] StepDef - selected Product verified
[INFO ] 2023-09-22 11:28:33.374 [main] StepDef - clickeed on checkout
[INFO ] 2023-09-22 11:28:33.378 [main] StepDef - successfull completion of add to cart process
[INFO ] 2023-09-22 11:28:33.392 [main] StepDef - after Completing Add to cart process
[DEBUG] 2023-09-22 11:28:33.830 [main] PackageRelationshipCollection - Parsing relationship: /xl/_rels/workbook.xml.rels
[DEBUG] 2023-09-22 11:28:33.837 [main] PackageRelationshipCollection - Parsing relationship: /_rels/.rels
[INFO ] 2023-09-22 11:28:35.145 [main] StepDef - First Name Entered
[DEBUG] 2023-09-22 11:28:35.170 [main] PackageRelationshipCollection - Parsing relationship: /xl/_rels/workbook.xml.rels
[DEBUG] 2023-09-22 11:28:35.175 [main] PackageRelationshipCollection - Parsing relationship: /_rels/.rels
[INFO ] 2023-09-22 11:28:35.417 [main] StepDef - Last name entered
[DEBUG] 2023-09-22 11:28:35.432 [main] PackageRelationshipCollection - Parsing relationship: /xl/_rels/workbook.xml.rels
[DEBUG] 2023-09-22 11:28:35.434 [main] PackageRelationshipCollection - Parsing relationship: /_rels/.rels
[INFO ] 2023-09-22 11:28:35.644 [main] StepDef - zip code entered
[INFO ] 2023-09-22 11:28:35.797 [main] StepDef - clicked on continue
[INFO ] 2023-09-22 11:28:35.948 [main] StepDef - payment info Verified
[INFO ] 2023-09-22 11:28:36.097 [main] StepDef - payement total verified
[INFO ] 2023-09-22 11:28:36.232 [main] StepDef - user clicked on finish
[INFO ] 2023-09-22 11:32:00.733 [main] StepDef - Setup Method
[INFO ] 2023-09-22 11:32:03.085 [main] StepDef - Url Passed
[INFO ] 2023-09-22 11:32:03.529 [main] StepDef - Login Data enterd
[INFO ] 2023-09-22 11:32:03.826 [main] StepDef - Login Button Clicked
[INFO ] 2023-09-22 11:32:03.828 [main] StepDef - login done
[INFO ] 2023-09-22 11:32:03.833 [main] StepDef - Succesffull login Action complete
[INFO ] 2023-09-22 11:32:03.915 [main] StepDef - Title matched
[INFO ] 2023-09-22 11:32:04.095 [main] StepDef - clicked on Add to cart Button
[INFO ] 2023-09-22 11:32:04.204 [main] StepDef - Click on cart button
[INFO ] 2023-09-22 11:32:04.409 [main] StepDef - selected Product verified
[INFO ] 2023-09-22 11:32:04.548 [main] StepDef - clickeed on checkout
[INFO ] 2023-09-22 11:32:04.551 [main] StepDef - successfull completion of add to cart process
[INFO ] 2023-09-22 11:32:04.562 [main] StepDef - after Completing Add to cart process
[DEBUG] 2023-09-22 11:32:04.875 [main] PackageRelationshipCollection - Parsing relationship: /xl/_rels/workbook.xml.rels
[DEBUG] 2023-09-22 11:32:04.881 [main] PackageRelationshipCollection - Parsing relationship: /_rels/.rels
[INFO ] 2023-09-22 11:32:06.331 [main] StepDef - First Name Entered
[DEBUG] 2023-09-22 11:32:06.359 [main] PackageRelationshipCollection - Parsing relationship: /xl/_rels/workbook.xml.rels
[DEBUG] 2023-09-22 11:32:06.362 [main] PackageRelationshipCollection - Parsing relationship: /_rels/.rels
[INFO ] 2023-09-22 11:32:06.593 [main] StepDef - Last name entered
[DEBUG] 2023-09-22 11:32:06.608 [main] PackageRelationshipCollection - Parsing relationship: /xl/_rels/workbook.xml.rels
[DEBUG] 2023-09-22 11:32:06.610 [main] PackageRelationshipCollection - Parsing relationship: /_rels/.rels
[INFO ] 2023-09-22 11:32:06.931 [main] StepDef - zip code entered
[INFO ] 2023-09-22 11:32:07.065 [main] StepDef - clicked on continue
[INFO ] 2023-09-22 11:32:07.195 [main] StepDef - payment info Verified
[INFO ] 2023-09-22 11:32:07.324 [main] StepDef - payement total verified
[INFO ] 2023-09-22 11:32:07.452 [main] StepDef - user clicked on finish
[INFO ] 2023-09-22 11:32:33.227 [main] StepDef - Setup Method
[INFO ] 2023-09-22 11:32:35.185 [main] StepDef - Url Passed
[INFO ] 2023-09-22 11:32:35.812 [main] StepDef - Login Data enterd
[INFO ] 2023-09-22 11:32:36.322 [main] StepDef - Login Button Clicked
[INFO ] 2023-09-22 11:32:36.325 [main] StepDef - login done
[INFO ] 2023-09-22 11:32:36.327 [main] StepDef - Succesffull login Action complete
[INFO ] 2023-09-22 11:32:36.415 [main] StepDef - Title matched
[INFO ] 2023-09-22 11:32:36.527 [main] StepDef - clicked on Add to cart Button
[INFO ] 2023-09-22 11:32:36.843 [main] StepDef - Click on cart button
[INFO ] 2023-09-22 11:32:37.099 [main] StepDef - selected Product verified
[INFO ] 2023-09-22 11:32:37.427 [main] StepDef - clickeed on checkout
[INFO ] 2023-09-22 11:32:37.432 [main] StepDef - successfull completion of add to cart process
[INFO ] 2023-09-22 11:32:37.456 [main] StepDef - after Completing Add to cart process
[DEBUG] 2023-09-22 11:32:37.818 [main] PackageRelationshipCollection - Parsing relationship: /xl/_rels/workbook.xml.rels
[DEBUG] 2023-09-22 11:32:37.824 [main] PackageRelationshipCollection - Parsing relationship: /_rels/.rels
[INFO ] 2023-09-22 11:32:39.313 [main] StepDef - First Name Entered
[DEBUG] 2023-09-22 11:32:39.380 [main] PackageRelationshipCollection - Parsing relationship: /xl/_rels/workbook.xml.rels
[DEBUG] 2023-09-22 11:32:39.384 [main] PackageRelationshipCollection - Parsing relationship: /_rels/.rels
[INFO ] 2023-09-22 11:32:39.610 [main] StepDef - Last name entered
[DEBUG] 2023-09-22 11:32:39.624 [main] PackageRelationshipCollection - Parsing relationship: /xl/_rels/workbook.xml.rels
[DEBUG] 2023-09-22 11:32:39.626 [main] PackageRelationshipCollection - Parsing relationship: /_rels/.rels
[INFO ] 2023-09-22 11:32:39.809 [main] StepDef - zip code entered
[INFO ] 2023-09-22 11:32:40.064 [main] StepDef - clicked on continue
[INFO ] 2023-09-22 11:32:40.280 [main] StepDef - payment info Verified
[INFO ] 2023-09-22 11:32:40.472 [main] StepDef - payement total verified
[INFO ] 2023-09-22 11:32:40.695 [main] StepDef - user clicked on finish
[INFO ] 2023-09-22 11:34:32.275 [main] StepDef - Setup Method
[INFO ] 2023-09-22 11:34:34.735 [main] StepDef - Url Passed
[INFO ] 2023-09-22 11:34:35.325 [main] StepDef - Login Data enterd
[INFO ] 2023-09-22 11:34:35.871 [main] StepDef - Login Button Clicked
[INFO ] 2023-09-22 11:34:35.873 [main] StepDef - login done
[INFO ] 2023-09-22 11:34:35.875 [main] StepDef - Succesffull login Action complete
[INFO ] 2023-09-22 11:34:35.946 [main] StepDef - Title matched
[INFO ] 2023-09-22 11:34:36.060 [main] StepDef - clicked on Add to cart Button
[INFO ] 2023-09-22 11:34:36.220 [main] StepDef - Click on cart button
[INFO ] 2023-09-22 11:34:36.467 [main] StepDef - selected Product verified
[INFO ] 2023-09-22 11:34:36.762 [main] StepDef - clickeed on checkout
[INFO ] 2023-09-22 11:34:36.767 [main] StepDef - successfull completion of add to cart process
[INFO ] 2023-09-22 11:34:36.793 [main] StepDef - after Completing Add to cart process
[DEBUG] 2023-09-22 11:34:37.210 [main] PackageRelationshipCollection - Parsing relationship: /xl/_rels/workbook.xml.rels
[DEBUG] 2023-09-22 11:34:37.216 [main] PackageRelationshipCollection - Parsing relationship: /_rels/.rels
[INFO ] 2023-09-22 11:34:38.436 [main] StepDef - First Name Entered
[DEBUG] 2023-09-22 11:34:38.454 [main] PackageRelationshipCollection - Parsing relationship: /xl/_rels/workbook.xml.rels
[DEBUG] 2023-09-22 11:34:38.456 [main] PackageRelationshipCollection - Parsing relationship: /_rels/.rels
[INFO ] 2023-09-22 11:34:38.641 [main] StepDef - Last name entered
[DEBUG] 2023-09-22 11:34:38.657 [main] PackageRelationshipCollection - Parsing relationship: /xl/_rels/workbook.xml.rels
[DEBUG] 2023-09-22 11:34:38.659 [main] PackageRelationshipCollection - Parsing relationship: /_rels/.rels
[INFO ] 2023-09-22 11:34:38.968 [main] StepDef - zip code entered
[INFO ] 2023-09-22 11:34:39.136 [main] StepDef - clicked on continue
[INFO ] 2023-09-22 11:34:39.257 [main] StepDef - payment info Verified
[INFO ] 2023-09-22 11:34:39.368 [main] StepDef - payement total verified
[INFO ] 2023-09-22 11:34:39.562 [main] StepDef - user clicked on finish
